****Executing witness generation****
DONE (1s)
****Converting witness to json****
DONE (41s)
****GENERATING ZKEY 0****
[31;22m[ERROR] [39;1msnarkJS[0m: [Error: ENOENT: no such file or directory, open '../pot25_final.ptau'] {
  errno: -2,
  code: 'ENOENT',
  syscall: 'open',
  path: '../pot25_final.ptau'
}
DONE (1s)
****CONTRIBUTE TO PHASE 2 CEREMONY****
[31;22m[ERROR] [39;1msnarkJS[0m: [Error: ENOENT: no such file or directory, open '../../build/pubkey_poseidon_cpp/pubkey_poseidon_p1.zkey'] {
  errno: -2,
  code: 'ENOENT',
  syscall: 'open',
  path: '../../build/pubkey_poseidon_cpp/pubkey_poseidon_p1.zkey'
}
DONE (1s)
****VERIFYING FINAL ZKEY****
[31;22m[ERROR] [39;1msnarkJS[0m: [Error: ENOENT: no such file or directory, open '../pot25_final.ptau'] {
  errno: -2,
  code: 'ENOENT',
  syscall: 'open',
  path: '../pot25_final.ptau'
}
DONE (4s)
****EXPORTING VKEY****
[32;22m[INFO]  [39;1msnarkJS[0m: EXPORT VERIFICATION KEY STARTED
[31;22m[ERROR] [39;1msnarkJS[0m: [Error: ENOENT: no such file or directory, open '../../build/pubkey_poseidon_cpp/pubkey_poseidon_p2.zkey'] {
  errno: -2,
  code: 'ENOENT',
  syscall: 'open',
  path: '../../build/pubkey_poseidon_cpp/pubkey_poseidon_p2.zkey'
}
DONE (1s)
****GENERATING PROOF FOR SAMPLE INPUT****
./build_pubkey_poseidon.sh: line 65: /home/leonardo/rapidsnark/build/prover: No such file or directory
DONE (0s)
****VERIFYING PROOF FOR SAMPLE INPUT****
[31;22m[ERROR] [39;1msnarkJS[0m: Error: ENOENT: no such file or directory, open '../../build/pubkey_poseidon_cpp/pubkey_poseidon_vkey.json'
    at Object.openSync (node:fs:600:3)
    at Object.readFileSync (node:fs:468:35)
    at Object.groth16Verify [as action] (/usr/local/lib/node_modules/snarkjs/build/cli.cjs:13011:63)
    at clProcessor (/usr/local/lib/node_modules/snarkjs/build/cli.cjs:483:37)
    at Object.<anonymous> (/usr/local/lib/node_modules/snarkjs/build/cli.cjs:12790:1)
    at Module._compile (node:internal/modules/cjs/loader:1218:14)
    at Module._extensions..js (node:internal/modules/cjs/loader:1272:10)
    at Module.load (node:internal/modules/cjs/loader:1081:32)
    at Module._load (node:internal/modules/cjs/loader:922:12)
    at Function.executeUserEntryPoint [as runMain] (node:internal/modules/run_main:81:12) {
  errno: -2,
  syscall: 'open',
  code: 'ENOENT',
  path: '../../build/pubkey_poseidon_cpp/pubkey_poseidon_vkey.json'
}
DONE (2s)
****EXPORTING SOLIDITY SMART CONTRACT****
[32;22m[INFO]  [39;1msnarkJS[0m: EXPORT VERIFICATION KEY STARTED
[31;22m[ERROR] [39;1msnarkJS[0m: [Error: ENOENT: no such file or directory, open '../../build/pubkey_poseidon_cpp/pubkey_poseidon_p2.zkey'] {
  errno: -2,
  code: 'ENOENT',
  syscall: 'open',
  path: '../../build/pubkey_poseidon_cpp/pubkey_poseidon_p2.zkey'
}
DONE (1s)
